六月 29, 2017 9:39:56 上午 org.apache.catalina.core.AprLifecycleListener init
信息: The APR based Apache Tomcat Native library which allows optimal performance in production environments was not found on the java.library.path: C:\Program Files\Java\jdk1.8.0_65\bin;C:\Windows\Sun\Java\bin;C:\Windows\system32;C:\Windows;C:\Program Files\Java\jdk1.8.0_65\bin;C:\Program Files\Java\jdk1.8.0_65\jre\bin;C:\Windows\system32;C:\Windows;C:\Windows\System32\Wbem;C:\Windows\System32\WindowsPowerShell\v1.0\;C:\Program Files (x86)\ATI Technologies\ATI.ACE\Core-Static;C:\Program Files (x86)\IDM Computer Solutions\UltraEdit;.
六月 29, 2017 9:39:57 上午 org.apache.coyote.AbstractProtocol init
信息: Initializing ProtocolHandler ["http-bio-8080"]
六月 29, 2017 9:39:57 上午 org.apache.coyote.AbstractProtocol init
信息: Initializing ProtocolHandler ["ajp-bio-8009"]
六月 29, 2017 9:39:57 上午 org.apache.catalina.startup.Catalina load
信息: Initialization processed in 681 ms
六月 29, 2017 9:39:57 上午 org.apache.catalina.core.StandardService startInternal
信息: Starting service Catalina
六月 29, 2017 9:39:57 上午 org.apache.catalina.core.StandardEngine startInternal
信息: Starting Servlet Engine: Apache Tomcat/7.0.56
六月 29, 2017 9:39:57 上午 org.apache.catalina.startup.HostConfig deployDirectory
信息: Deploying web application directory C:\Users\admin\Desktop\apache-tomcat-7.0.56-windows-x86\apache-tomcat-7.0.56\webapps\docs
六月 29, 2017 9:39:57 上午 org.apache.catalina.util.SessionIdGenerator createSecureRandom
信息: Creation of SecureRandom instance for session ID generation using [SHA1PRNG] took [374] milliseconds.
六月 29, 2017 9:39:57 上午 org.apache.catalina.startup.HostConfig deployDirectory
信息: Deployment of web application directory C:\Users\admin\Desktop\apache-tomcat-7.0.56-windows-x86\apache-tomcat-7.0.56\webapps\docs has finished in 696 ms
六月 29, 2017 9:39:57 上午 org.apache.catalina.startup.HostConfig deployDirectory
信息: Deploying web application directory C:\Users\admin\Desktop\apache-tomcat-7.0.56-windows-x86\apache-tomcat-7.0.56\webapps\examples
六月 29, 2017 9:39:58 上午 org.apache.catalina.startup.HostConfig deployDirectory
信息: Deployment of web application directory C:\Users\admin\Desktop\apache-tomcat-7.0.56-windows-x86\apache-tomcat-7.0.56\webapps\examples has finished in 405 ms
六月 29, 2017 9:39:58 上午 org.apache.catalina.startup.HostConfig deployDirectory
信息: Deploying web application directory C:\Users\admin\Desktop\apache-tomcat-7.0.56-windows-x86\apache-tomcat-7.0.56\webapps\host-manager
六月 29, 2017 9:39:58 上午 org.apache.catalina.startup.HostConfig deployDirectory
信息: Deployment of web application directory C:\Users\admin\Desktop\apache-tomcat-7.0.56-windows-x86\apache-tomcat-7.0.56\webapps\host-manager has finished in 74 ms
六月 29, 2017 9:39:58 上午 org.apache.catalina.startup.HostConfig deployDirectory
信息: Deploying web application directory C:\Users\admin\Desktop\apache-tomcat-7.0.56-windows-x86\apache-tomcat-7.0.56\webapps\manager
六月 29, 2017 9:39:58 上午 org.apache.catalina.startup.HostConfig deployDirectory
信息: Deployment of web application directory C:\Users\admin\Desktop\apache-tomcat-7.0.56-windows-x86\apache-tomcat-7.0.56\webapps\manager has finished in 62 ms
六月 29, 2017 9:39:58 上午 org.apache.catalina.startup.HostConfig deployDirectory
信息: Deploying web application directory C:\Users\admin\Desktop\apache-tomcat-7.0.56-windows-x86\apache-tomcat-7.0.56\webapps\ROOT
六月 29, 2017 9:39:58 上午 org.apache.catalina.startup.HostConfig deployDirectory
信息: Deployment of web application directory C:\Users\admin\Desktop\apache-tomcat-7.0.56-windows-x86\apache-tomcat-7.0.56\webapps\ROOT has finished in 50 ms
六月 29, 2017 9:39:58 上午 org.apache.coyote.AbstractProtocol start
信息: Starting ProtocolHandler ["http-bio-8080"]
六月 29, 2017 9:39:58 上午 org.apache.coyote.AbstractProtocol start
信息: Starting ProtocolHandler ["ajp-bio-8009"]
六月 29, 2017 9:39:58 上午 org.apache.catalina.startup.Catalina start
信息: Server startup in 1381 ms
