五月 15, 2017 2:33:56 下午 org.apache.catalina.core.AprLifecycleListener init
信息: The APR based Apache Tomcat Native library which allows optimal performance in production environments was not found on the java.library.path: C:\Program Files\Java\jdk1.8.0_65\bin;C:\Windows\Sun\Java\bin;C:\Windows\system32;C:\Windows;C:\Program Files\Java\jdk1.8.0_65\bin;C:\Program Files\Java\jdk1.8.0_65\jre\bin;C:\Windows\system32;C:\Windows;C:\Windows\System32\Wbem;C:\Windows\System32\WindowsPowerShell\v1.0\;C:\Program Files (x86)\ATI Technologies\ATI.ACE\Core-Static;C:\Program Files (x86)\IDM Computer Solutions\UltraEdit;.
五月 15, 2017 2:33:56 下午 org.apache.coyote.AbstractProtocol init
信息: Initializing ProtocolHandler ["http-bio-8080"]
五月 15, 2017 2:33:56 下午 org.apache.coyote.AbstractProtocol init
信息: Initializing ProtocolHandler ["ajp-bio-8009"]
五月 15, 2017 2:33:56 下午 org.apache.catalina.startup.Catalina load
信息: Initialization processed in 785 ms
五月 15, 2017 2:33:56 下午 org.apache.catalina.core.StandardService startInternal
信息: Starting service Catalina
五月 15, 2017 2:33:56 下午 org.apache.catalina.core.StandardEngine startInternal
信息: Starting Servlet Engine: Apache Tomcat/7.0.56
五月 15, 2017 2:33:56 下午 org.apache.catalina.startup.HostConfig deployDirectory
信息: Deploying web application directory C:\Users\admin\Desktop\apache-tomcat-7.0.56-windows-x86\apache-tomcat-7.0.56\webapps\docs
五月 15, 2017 2:33:57 下午 org.apache.catalina.util.SessionIdGenerator createSecureRandom
信息: Creation of SecureRandom instance for session ID generation using [SHA1PRNG] took [426] milliseconds.
五月 15, 2017 2:33:57 下午 org.apache.catalina.startup.HostConfig deployDirectory
信息: Deployment of web application directory C:\Users\admin\Desktop\apache-tomcat-7.0.56-windows-x86\apache-tomcat-7.0.56\webapps\docs has finished in 759 ms
五月 15, 2017 2:33:57 下午 org.apache.catalina.startup.HostConfig deployDirectory
信息: Deploying web application directory C:\Users\admin\Desktop\apache-tomcat-7.0.56-windows-x86\apache-tomcat-7.0.56\webapps\examples
五月 15, 2017 2:33:57 下午 org.apache.catalina.startup.HostConfig deployDirectory
信息: Deployment of web application directory C:\Users\admin\Desktop\apache-tomcat-7.0.56-windows-x86\apache-tomcat-7.0.56\webapps\examples has finished in 404 ms
五月 15, 2017 2:33:57 下午 org.apache.catalina.startup.HostConfig deployDirectory
信息: Deploying web application directory C:\Users\admin\Desktop\apache-tomcat-7.0.56-windows-x86\apache-tomcat-7.0.56\webapps\host-manager
五月 15, 2017 2:33:57 下午 org.apache.catalina.startup.HostConfig deployDirectory
信息: Deployment of web application directory C:\Users\admin\Desktop\apache-tomcat-7.0.56-windows-x86\apache-tomcat-7.0.56\webapps\host-manager has finished in 64 ms
五月 15, 2017 2:33:57 下午 org.apache.catalina.startup.HostConfig deployDirectory
信息: Deploying web application directory C:\Users\admin\Desktop\apache-tomcat-7.0.56-windows-x86\apache-tomcat-7.0.56\webapps\manager
五月 15, 2017 2:33:58 下午 org.apache.catalina.startup.HostConfig deployDirectory
信息: Deployment of web application directory C:\Users\admin\Desktop\apache-tomcat-7.0.56-windows-x86\apache-tomcat-7.0.56\webapps\manager has finished in 94 ms
五月 15, 2017 2:33:58 下午 org.apache.catalina.startup.HostConfig deployDirectory
信息: Deploying web application directory C:\Users\admin\Desktop\apache-tomcat-7.0.56-windows-x86\apache-tomcat-7.0.56\webapps\ROOT
五月 15, 2017 2:33:58 下午 org.apache.catalina.startup.HostConfig deployDirectory
信息: Deployment of web application directory C:\Users\admin\Desktop\apache-tomcat-7.0.56-windows-x86\apache-tomcat-7.0.56\webapps\ROOT has finished in 46 ms
五月 15, 2017 2:33:58 下午 org.apache.coyote.AbstractProtocol start
信息: Starting ProtocolHandler ["http-bio-8080"]
五月 15, 2017 2:33:58 下午 org.apache.coyote.AbstractProtocol start
信息: Starting ProtocolHandler ["ajp-bio-8009"]
五月 15, 2017 2:33:58 下午 org.apache.catalina.startup.Catalina start
信息: Server startup in 1472 ms
五月 15, 2017 5:11:19 下午 org.apache.catalina.core.AprLifecycleListener init
信息: The APR based Apache Tomcat Native library which allows optimal performance in production environments was not found on the java.library.path: C:\Program Files\Java\jdk1.8.0_65\bin;C:\Windows\Sun\Java\bin;C:\Windows\system32;C:\Windows;C:\Program Files\Java\jdk1.8.0_65\bin;C:\Program Files\Java\jdk1.8.0_65\jre\bin;C:\Windows\system32;C:\Windows;C:\Windows\System32\Wbem;C:\Windows\System32\WindowsPowerShell\v1.0\;C:\Program Files (x86)\ATI Technologies\ATI.ACE\Core-Static;C:\Program Files (x86)\IDM Computer Solutions\UltraEdit;.
五月 15, 2017 5:11:20 下午 org.apache.coyote.AbstractProtocol init
信息: Initializing ProtocolHandler ["http-bio-8080"]
五月 15, 2017 5:11:20 下午 org.apache.coyote.AbstractProtocol init
信息: Initializing ProtocolHandler ["ajp-bio-8009"]
五月 15, 2017 5:11:20 下午 org.apache.catalina.startup.Catalina load
信息: Initialization processed in 806 ms
五月 15, 2017 5:11:20 下午 org.apache.catalina.core.StandardService startInternal
信息: Starting service Catalina
五月 15, 2017 5:11:20 下午 org.apache.catalina.core.StandardEngine startInternal
信息: Starting Servlet Engine: Apache Tomcat/7.0.56
五月 15, 2017 5:11:20 下午 org.apache.catalina.startup.HostConfig deployDirectory
信息: Deploying web application directory C:\Users\admin\Desktop\apache-tomcat-7.0.56-windows-x86\apache-tomcat-7.0.56\webapps\docs
五月 15, 2017 5:11:21 下午 org.apache.catalina.util.SessionIdGenerator createSecureRandom
信息: Creation of SecureRandom instance for session ID generation using [SHA1PRNG] took [490] milliseconds.
五月 15, 2017 5:11:21 下午 org.apache.catalina.startup.HostConfig deployDirectory
信息: Deployment of web application directory C:\Users\admin\Desktop\apache-tomcat-7.0.56-windows-x86\apache-tomcat-7.0.56\webapps\docs has finished in 838 ms
五月 15, 2017 5:11:21 下午 org.apache.catalina.startup.HostConfig deployDirectory
信息: Deploying web application directory C:\Users\admin\Desktop\apache-tomcat-7.0.56-windows-x86\apache-tomcat-7.0.56\webapps\examples
五月 15, 2017 5:11:21 下午 org.apache.catalina.startup.HostConfig deployDirectory
信息: Deployment of web application directory C:\Users\admin\Desktop\apache-tomcat-7.0.56-windows-x86\apache-tomcat-7.0.56\webapps\examples has finished in 441 ms
五月 15, 2017 5:11:21 下午 org.apache.catalina.startup.HostConfig deployDirectory
信息: Deploying web application directory C:\Users\admin\Desktop\apache-tomcat-7.0.56-windows-x86\apache-tomcat-7.0.56\webapps\host-manager
五月 15, 2017 5:11:21 下午 org.apache.catalina.startup.HostConfig deployDirectory
信息: Deployment of web application directory C:\Users\admin\Desktop\apache-tomcat-7.0.56-windows-x86\apache-tomcat-7.0.56\webapps\host-manager has finished in 75 ms
五月 15, 2017 5:11:21 下午 org.apache.catalina.startup.HostConfig deployDirectory
信息: Deploying web application directory C:\Users\admin\Desktop\apache-tomcat-7.0.56-windows-x86\apache-tomcat-7.0.56\webapps\manager
五月 15, 2017 5:11:21 下午 org.apache.catalina.startup.HostConfig deployDirectory
信息: Deployment of web application directory C:\Users\admin\Desktop\apache-tomcat-7.0.56-windows-x86\apache-tomcat-7.0.56\webapps\manager has finished in 60 ms
五月 15, 2017 5:11:21 下午 org.apache.catalina.startup.HostConfig deployDirectory
信息: Deploying web application directory C:\Users\admin\Desktop\apache-tomcat-7.0.56-windows-x86\apache-tomcat-7.0.56\webapps\ROOT
五月 15, 2017 5:11:21 下午 org.apache.catalina.startup.HostConfig deployDirectory
信息: Deployment of web application directory C:\Users\admin\Desktop\apache-tomcat-7.0.56-windows-x86\apache-tomcat-7.0.56\webapps\ROOT has finished in 61 ms
五月 15, 2017 5:11:21 下午 org.apache.coyote.AbstractProtocol start
信息: Starting ProtocolHandler ["http-bio-8080"]
五月 15, 2017 5:11:21 下午 org.apache.coyote.AbstractProtocol start
信息: Starting ProtocolHandler ["ajp-bio-8009"]
五月 15, 2017 5:11:21 下午 org.apache.catalina.startup.Catalina start
信息: Server startup in 1551 ms
