五月 27, 2017 11:59:59 上午 org.apache.catalina.core.AprLifecycleListener init
信息: The APR based Apache Tomcat Native library which allows optimal performance in production environments was not found on the java.library.path: C:\Program Files\Java\jdk1.8.0_65\bin;C:\Windows\Sun\Java\bin;C:\Windows\system32;C:\Windows;C:\Program Files\Java\jdk1.8.0_65\bin;C:\Program Files\Java\jdk1.8.0_65\jre\bin;C:\Windows\system32;C:\Windows;C:\Windows\System32\Wbem;C:\Windows\System32\WindowsPowerShell\v1.0\;C:\Program Files (x86)\ATI Technologies\ATI.ACE\Core-Static;C:\Program Files (x86)\IDM Computer Solutions\UltraEdit;.
五月 27, 2017 11:59:59 上午 org.apache.coyote.AbstractProtocol init
信息: Initializing ProtocolHandler ["http-bio-8080"]
五月 27, 2017 11:59:59 上午 org.apache.coyote.AbstractProtocol init
信息: Initializing ProtocolHandler ["ajp-bio-8009"]
五月 27, 2017 11:59:59 上午 org.apache.catalina.startup.Catalina load
信息: Initialization processed in 773 ms
五月 27, 2017 11:59:59 上午 org.apache.catalina.core.StandardService startInternal
信息: Starting service Catalina
五月 27, 2017 11:59:59 上午 org.apache.catalina.core.StandardEngine startInternal
信息: Starting Servlet Engine: Apache Tomcat/7.0.56
五月 27, 2017 11:59:59 上午 org.apache.catalina.startup.HostConfig deployDirectory
信息: Deploying web application directory C:\Users\admin\Desktop\apache-tomcat-7.0.56-windows-x86\apache-tomcat-7.0.56\webapps\docs
五月 27, 2017 12:00:00 下午 org.apache.catalina.util.SessionIdGenerator createSecureRandom
信息: Creation of SecureRandom instance for session ID generation using [SHA1PRNG] took [510] milliseconds.
五月 27, 2017 12:00:00 下午 org.apache.catalina.startup.HostConfig deployDirectory
信息: Deployment of web application directory C:\Users\admin\Desktop\apache-tomcat-7.0.56-windows-x86\apache-tomcat-7.0.56\webapps\docs has finished in 861 ms
五月 27, 2017 12:00:00 下午 org.apache.catalina.startup.HostConfig deployDirectory
信息: Deploying web application directory C:\Users\admin\Desktop\apache-tomcat-7.0.56-windows-x86\apache-tomcat-7.0.56\webapps\examples
五月 27, 2017 12:00:01 下午 org.apache.catalina.startup.HostConfig deployDirectory
信息: Deployment of web application directory C:\Users\admin\Desktop\apache-tomcat-7.0.56-windows-x86\apache-tomcat-7.0.56\webapps\examples has finished in 436 ms
五月 27, 2017 12:00:01 下午 org.apache.catalina.startup.HostConfig deployDirectory
信息: Deploying web application directory C:\Users\admin\Desktop\apache-tomcat-7.0.56-windows-x86\apache-tomcat-7.0.56\webapps\host-manager
五月 27, 2017 12:00:01 下午 org.apache.catalina.startup.HostConfig deployDirectory
信息: Deployment of web application directory C:\Users\admin\Desktop\apache-tomcat-7.0.56-windows-x86\apache-tomcat-7.0.56\webapps\host-manager has finished in 71 ms
五月 27, 2017 12:00:01 下午 org.apache.catalina.startup.HostConfig deployDirectory
信息: Deploying web application directory C:\Users\admin\Desktop\apache-tomcat-7.0.56-windows-x86\apache-tomcat-7.0.56\webapps\manager
五月 27, 2017 12:00:01 下午 org.apache.catalina.startup.HostConfig deployDirectory
信息: Deployment of web application directory C:\Users\admin\Desktop\apache-tomcat-7.0.56-windows-x86\apache-tomcat-7.0.56\webapps\manager has finished in 60 ms
五月 27, 2017 12:00:01 下午 org.apache.catalina.startup.HostConfig deployDirectory
信息: Deploying web application directory C:\Users\admin\Desktop\apache-tomcat-7.0.56-windows-x86\apache-tomcat-7.0.56\webapps\ROOT
五月 27, 2017 12:00:01 下午 org.apache.catalina.startup.HostConfig deployDirectory
信息: Deployment of web application directory C:\Users\admin\Desktop\apache-tomcat-7.0.56-windows-x86\apache-tomcat-7.0.56\webapps\ROOT has finished in 51 ms
五月 27, 2017 12:00:01 下午 org.apache.coyote.AbstractProtocol start
信息: Starting ProtocolHandler ["http-bio-8080"]
五月 27, 2017 12:00:01 下午 org.apache.coyote.AbstractProtocol start
信息: Starting ProtocolHandler ["ajp-bio-8009"]
五月 27, 2017 12:00:01 下午 org.apache.catalina.startup.Catalina start
信息: Server startup in 1588 ms
五月 27, 2017 2:20:21 下午 org.apache.catalina.core.AprLifecycleListener init
信息: The APR based Apache Tomcat Native library which allows optimal performance in production environments was not found on the java.library.path: C:\Program Files\Java\jdk1.8.0_65\bin;C:\Windows\Sun\Java\bin;C:\Windows\system32;C:\Windows;C:\Program Files\Java\jdk1.8.0_65\bin;C:\Program Files\Java\jdk1.8.0_65\jre\bin;C:\Windows\system32;C:\Windows;C:\Windows\System32\Wbem;C:\Windows\System32\WindowsPowerShell\v1.0\;C:\Program Files (x86)\ATI Technologies\ATI.ACE\Core-Static;C:\Program Files (x86)\IDM Computer Solutions\UltraEdit;.
五月 27, 2017 2:20:21 下午 org.apache.coyote.AbstractProtocol init
信息: Initializing ProtocolHandler ["http-bio-8080"]
五月 27, 2017 2:20:21 下午 org.apache.coyote.AbstractProtocol init
信息: Initializing ProtocolHandler ["ajp-bio-8009"]
五月 27, 2017 2:20:21 下午 org.apache.catalina.startup.Catalina load
信息: Initialization processed in 589 ms
五月 27, 2017 2:20:21 下午 org.apache.catalina.core.StandardService startInternal
信息: Starting service Catalina
五月 27, 2017 2:20:21 下午 org.apache.catalina.core.StandardEngine startInternal
信息: Starting Servlet Engine: Apache Tomcat/7.0.56
五月 27, 2017 2:20:21 下午 org.apache.catalina.startup.HostConfig deployDirectory
信息: Deploying web application directory C:\Users\admin\Desktop\apache-tomcat-7.0.56-windows-x86\apache-tomcat-7.0.56\webapps\docs
五月 27, 2017 2:20:22 下午 org.apache.catalina.util.SessionIdGenerator createSecureRandom
信息: Creation of SecureRandom instance for session ID generation using [SHA1PRNG] took [453] milliseconds.
五月 27, 2017 2:20:22 下午 org.apache.catalina.startup.HostConfig deployDirectory
信息: Deployment of web application directory C:\Users\admin\Desktop\apache-tomcat-7.0.56-windows-x86\apache-tomcat-7.0.56\webapps\docs has finished in 769 ms
五月 27, 2017 2:20:22 下午 org.apache.catalina.startup.HostConfig deployDirectory
信息: Deploying web application directory C:\Users\admin\Desktop\apache-tomcat-7.0.56-windows-x86\apache-tomcat-7.0.56\webapps\examples
五月 27, 2017 2:20:22 下午 org.apache.catalina.startup.HostConfig deployDirectory
信息: Deployment of web application directory C:\Users\admin\Desktop\apache-tomcat-7.0.56-windows-x86\apache-tomcat-7.0.56\webapps\examples has finished in 389 ms
五月 27, 2017 2:20:22 下午 org.apache.catalina.startup.HostConfig deployDirectory
信息: Deploying web application directory C:\Users\admin\Desktop\apache-tomcat-7.0.56-windows-x86\apache-tomcat-7.0.56\webapps\host-manager
五月 27, 2017 2:20:22 下午 org.apache.catalina.startup.HostConfig deployDirectory
信息: Deployment of web application directory C:\Users\admin\Desktop\apache-tomcat-7.0.56-windows-x86\apache-tomcat-7.0.56\webapps\host-manager has finished in 68 ms
五月 27, 2017 2:20:22 下午 org.apache.catalina.startup.HostConfig deployDirectory
信息: Deploying web application directory C:\Users\admin\Desktop\apache-tomcat-7.0.56-windows-x86\apache-tomcat-7.0.56\webapps\manager
五月 27, 2017 2:20:22 下午 org.apache.catalina.startup.HostConfig deployDirectory
信息: Deployment of web application directory C:\Users\admin\Desktop\apache-tomcat-7.0.56-windows-x86\apache-tomcat-7.0.56\webapps\manager has finished in 62 ms
五月 27, 2017 2:20:22 下午 org.apache.catalina.startup.HostConfig deployDirectory
信息: Deploying web application directory C:\Users\admin\Desktop\apache-tomcat-7.0.56-windows-x86\apache-tomcat-7.0.56\webapps\ROOT
五月 27, 2017 2:20:22 下午 org.apache.catalina.startup.HostConfig deployDirectory
信息: Deployment of web application directory C:\Users\admin\Desktop\apache-tomcat-7.0.56-windows-x86\apache-tomcat-7.0.56\webapps\ROOT has finished in 48 ms
五月 27, 2017 2:20:22 下午 org.apache.coyote.AbstractProtocol start
信息: Starting ProtocolHandler ["http-bio-8080"]
五月 27, 2017 2:20:23 下午 org.apache.coyote.AbstractProtocol start
信息: Starting ProtocolHandler ["ajp-bio-8009"]
五月 27, 2017 2:20:23 下午 org.apache.catalina.startup.Catalina start
信息: Server startup in 1409 ms
