十一月 28, 2018 9:23:24 上午 org.apache.catalina.core.AprLifecycleListener init
信息: The APR based Apache Tomcat Native library which allows optimal performance in production environments was not found on the java.library.path: D:\IDEA\jdk1.8.0_92\bin;C:\Windows\Sun\Java\bin;C:\Windows\system32;C:\Windows;C:\Windows\system32;C:\Windows;C:\Windows\System32\Wbem;C:\Windows\System32\WindowsPowerShell\v1.0\;D:\IDEA\jdk1.8.0_92\bin;D:\IDEA\jdk1.8.0_92\jre\bin;;.
十一月 28, 2018 9:23:24 上午 org.apache.coyote.AbstractProtocol init
信息: Initializing ProtocolHandler ["http-bio-8080"]
十一月 28, 2018 9:23:24 上午 org.apache.coyote.AbstractProtocol init
信息: Initializing ProtocolHandler ["ajp-bio-8009"]
十一月 28, 2018 9:23:24 上午 org.apache.catalina.startup.Catalina load
信息: Initialization processed in 458 ms
十一月 28, 2018 9:23:24 上午 org.apache.catalina.core.StandardService startInternal
信息: Starting service Catalina
十一月 28, 2018 9:23:24 上午 org.apache.catalina.core.StandardEngine startInternal
信息: Starting Servlet Engine: Apache Tomcat/7.0.56
十一月 28, 2018 9:23:24 上午 org.apache.catalina.startup.HostConfig deployDirectory
信息: Deploying web application directory D:\workspace\chapter15\apache-tomcat-7.0.56\webapps\docs
十一月 28, 2018 9:23:24 上午 org.apache.catalina.startup.HostConfig deployDirectory
信息: Deployment of web application directory D:\workspace\chapter15\apache-tomcat-7.0.56\webapps\docs has finished in 256 ms
十一月 28, 2018 9:23:24 上午 org.apache.catalina.startup.HostConfig deployDirectory
信息: Deploying web application directory D:\workspace\chapter15\apache-tomcat-7.0.56\webapps\examples
十一月 28, 2018 9:23:25 上午 org.apache.catalina.startup.HostConfig deployDirectory
信息: Deployment of web application directory D:\workspace\chapter15\apache-tomcat-7.0.56\webapps\examples has finished in 270 ms
十一月 28, 2018 9:23:25 上午 org.apache.catalina.startup.HostConfig deployDirectory
信息: Deploying web application directory D:\workspace\chapter15\apache-tomcat-7.0.56\webapps\host-manager
十一月 28, 2018 9:23:25 上午 org.apache.catalina.startup.HostConfig deployDirectory
信息: Deployment of web application directory D:\workspace\chapter15\apache-tomcat-7.0.56\webapps\host-manager has finished in 49 ms
十一月 28, 2018 9:23:25 上午 org.apache.catalina.startup.HostConfig deployDirectory
信息: Deploying web application directory D:\workspace\chapter15\apache-tomcat-7.0.56\webapps\manager
十一月 28, 2018 9:23:25 上午 org.apache.catalina.startup.HostConfig deployDirectory
信息: Deployment of web application directory D:\workspace\chapter15\apache-tomcat-7.0.56\webapps\manager has finished in 49 ms
十一月 28, 2018 9:23:25 上午 org.apache.catalina.startup.HostConfig deployDirectory
信息: Deploying web application directory D:\workspace\chapter15\apache-tomcat-7.0.56\webapps\ROOT
十一月 28, 2018 9:23:25 上午 org.apache.catalina.startup.HostConfig deployDirectory
信息: Deployment of web application directory D:\workspace\chapter15\apache-tomcat-7.0.56\webapps\ROOT has finished in 33 ms
十一月 28, 2018 9:23:25 上午 org.apache.coyote.AbstractProtocol start
信息: Starting ProtocolHandler ["http-bio-8080"]
十一月 28, 2018 9:23:25 上午 org.apache.coyote.AbstractProtocol start
信息: Starting ProtocolHandler ["ajp-bio-8009"]
十一月 28, 2018 9:23:25 上午 org.apache.catalina.startup.Catalina start
信息: Server startup in 719 ms
