九月 19, 2018 5:38:13 下午 org.apache.catalina.core.ApplicationContext log
信息: ContextListener: contextInitialized()
九月 19, 2018 5:38:13 下午 org.apache.catalina.core.ApplicationContext log
信息: SessionListener: contextInitialized()
九月 19, 2018 5:38:13 下午 org.apache.catalina.core.ApplicationContext log
信息: ContextListener: attributeAdded('org.apache.jasper.compiler.TldLocationsCache', 'org.apache.jasper.compiler.TldLocationsCache@2b632f90')
九月 19, 2018 6:09:26 下午 org.apache.catalina.core.ApplicationContext log
信息: ContextListener: contextInitialized()
九月 19, 2018 6:09:26 下午 org.apache.catalina.core.ApplicationContext log
信息: SessionListener: contextInitialized()
九月 19, 2018 6:09:27 下午 org.apache.catalina.core.ApplicationContext log
信息: ContextListener: attributeAdded('org.apache.jasper.compiler.TldLocationsCache', 'org.apache.jasper.compiler.TldLocationsCache@797bd497')
九月 19, 2018 6:09:27 下午 org.apache.catalina.core.ApplicationContext log
信息: SessionListener: contextDestroyed()
九月 19, 2018 6:09:27 下午 org.apache.catalina.core.ApplicationContext log
信息: ContextListener: contextDestroyed()
九月 19, 2018 6:09:37 下午 org.apache.catalina.core.ApplicationContext log
信息: ContextListener: contextInitialized()
九月 19, 2018 6:09:37 下午 org.apache.catalina.core.ApplicationContext log
信息: SessionListener: contextInitialized()
九月 19, 2018 6:09:37 下午 org.apache.catalina.core.ApplicationContext log
信息: ContextListener: attributeAdded('org.apache.jasper.compiler.TldLocationsCache', 'org.apache.jasper.compiler.TldLocationsCache@2abf0e50')
九月 19, 2018 6:09:37 下午 org.apache.catalina.core.ApplicationContext log
信息: SessionListener: contextDestroyed()
九月 19, 2018 6:09:37 下午 org.apache.catalina.core.ApplicationContext log
信息: ContextListener: contextDestroyed()
