四月 06, 2017 9:10:01 上午 org.apache.catalina.core.ApplicationContext log
信息: ContextListener: contextInitialized()
四月 06, 2017 9:10:01 上午 org.apache.catalina.core.ApplicationContext log
信息: SessionListener: contextInitialized()
四月 06, 2017 9:10:01 上午 org.apache.catalina.core.ApplicationContext log
信息: ContextListener: attributeAdded('org.apache.jasper.compiler.TldLocationsCache', 'org.apache.jasper.compiler.TldLocationsCache@31e02f9d')
四月 06, 2017 9:11:48 上午 org.apache.catalina.core.ApplicationContext log
信息: ContextListener: contextInitialized()
四月 06, 2017 9:11:48 上午 org.apache.catalina.core.ApplicationContext log
信息: SessionListener: contextInitialized()
四月 06, 2017 9:11:48 上午 org.apache.catalina.core.ApplicationContext log
信息: ContextListener: attributeAdded('org.apache.jasper.compiler.TldLocationsCache', 'org.apache.jasper.compiler.TldLocationsCache@51910fda')
四月 06, 2017 1:55:42 下午 org.apache.catalina.core.ApplicationContext log
信息: ContextListener: contextInitialized()
四月 06, 2017 1:55:42 下午 org.apache.catalina.core.ApplicationContext log
信息: SessionListener: contextInitialized()
四月 06, 2017 1:55:42 下午 org.apache.catalina.core.ApplicationContext log
信息: ContextListener: attributeAdded('org.apache.jasper.compiler.TldLocationsCache', 'org.apache.jasper.compiler.TldLocationsCache@16cbba9b')
四月 06, 2017 1:55:42 下午 org.apache.catalina.core.ApplicationContext log
信息: SessionListener: contextDestroyed()
四月 06, 2017 1:55:42 下午 org.apache.catalina.core.ApplicationContext log
信息: ContextListener: contextDestroyed()
