六月 30, 2017 10:57:53 上午 org.apache.catalina.core.ApplicationContext log
信息: ContextListener: contextInitialized()
六月 30, 2017 10:57:53 上午 org.apache.catalina.core.ApplicationContext log
信息: SessionListener: contextInitialized()
六月 30, 2017 10:57:53 上午 org.apache.catalina.core.ApplicationContext log
信息: ContextListener: attributeAdded('org.apache.jasper.compiler.TldLocationsCache', 'org.apache.jasper.compiler.TldLocationsCache@2b632f90')
六月 30, 2017 3:11:11 下午 org.apache.catalina.core.ApplicationContext log
信息: ContextListener: contextInitialized()
六月 30, 2017 3:11:11 下午 org.apache.catalina.core.ApplicationContext log
信息: SessionListener: contextInitialized()
六月 30, 2017 3:11:11 下午 org.apache.catalina.core.ApplicationContext log
信息: ContextListener: attributeAdded('org.apache.jasper.compiler.TldLocationsCache', 'org.apache.jasper.compiler.TldLocationsCache@2b632f90')
六月 30, 2017 3:23:49 下午 org.apache.catalina.core.ApplicationContext log
信息: ContextListener: contextInitialized()
六月 30, 2017 3:23:49 下午 org.apache.catalina.core.ApplicationContext log
信息: SessionListener: contextInitialized()
六月 30, 2017 3:23:49 下午 org.apache.catalina.core.ApplicationContext log
信息: ContextListener: attributeAdded('org.apache.jasper.compiler.TldLocationsCache', 'org.apache.jasper.compiler.TldLocationsCache@797bd497')
六月 30, 2017 3:23:50 下午 org.apache.catalina.core.ApplicationContext log
信息: SessionListener: contextDestroyed()
六月 30, 2017 3:23:50 下午 org.apache.catalina.core.ApplicationContext log
信息: ContextListener: contextDestroyed()
